<?xml version="1.0" encoding="UTF-8"?>
<testng-results ignored="0" total="2" passed="2" failed="0" skipped="0">
  <reporter-output>
  </reporter-output>
  <suite started-at="2023-12-18T12:03:36 IST" name="Default suite" finished-at="2023-12-18T12:03:54 IST" duration-ms="17644">
    <groups>
    </groups>
    <test started-at="2023-12-18T12:03:36 IST" name="Default test" finished-at="2023-12-18T12:03:54 IST" duration-ms="17644">
      <class name="seleniumGridDemos.GridDemo1">
        <test-method signature="chromeTest1()[pri:49, instance:seleniumGridDemos.GridDemo1@3646a422]" started-at="2023-12-18T12:03:37 IST" name="chromeTest1" finished-at="2023-12-18T12:03:45 IST" duration-ms="8422" status="PASS">
          <reporter-output>
          </reporter-output>
        </test-method> <!-- chromeTest1 -->
        <test-method signature="firefoxTest1()[pri:50, instance:seleniumGridDemos.GridDemo1@3646a422]" started-at="2023-12-18T12:03:45 IST" name="firefoxTest1" finished-at="2023-12-18T12:03:54 IST" duration-ms="8979" status="PASS">
          <reporter-output>
          </reporter-output>
        </test-method> <!-- firefoxTest1 -->
      </class> <!-- seleniumGridDemos.GridDemo1 -->
    </test> <!-- Default test -->
  </suite> <!-- Default suite -->
</testng-results>
